Copyright 1986-2018 Xilinx, Inc. All Rights Reserved.
-----------------------------------------------------------------------------------------
| Tool Version : Vivado v.2018.3 (win64) Build 2405991 Thu Dec  6 23:38:27 MST 2018
| Date         : Thu May 30 19:31:14 2019
| Host         : DESKTOP-65QNE4G running 64-bit major release  (build 9200)
| Command      : report_control_sets -verbose -file bd_0_wrapper_control_sets_placed.rpt
| Design       : bd_0_wrapper
| Device       : xc7vx690t
-----------------------------------------------------------------------------------------

Control Set Information

Table of Contents
-----------------
1. Summary
2. Histogram
3. Flip-Flop Distribution
4. Detailed Control Set Information

1. Summary
----------

+----------------------------------------------------------+-------+
|                          Status                          | Count |
+----------------------------------------------------------+-------+
| Number of unique control sets                            |    44 |
| Unused register locations in slices containing registers |   169 |
+----------------------------------------------------------+-------+


2. Histogram
------------

+--------+--------------+
| Fanout | Control Sets |
+--------+--------------+
|      1 |            5 |
|      4 |            2 |
|      5 |            1 |
|      7 |            1 |
|     11 |            1 |
|     12 |            1 |
|    16+ |           33 |
+--------+--------------+


3. Flip-Flop Distribution
-------------------------

+--------------+-----------------------+------------------------+-----------------+--------------+
| Clock Enable | Synchronous Set/Reset | Asynchronous Set/Reset | Total Registers | Total Slices |
+--------------+-----------------------+------------------------+-----------------+--------------+
| No           | No                    | No                     |              20 |           17 |
| No           | No                    | Yes                    |               0 |            0 |
| No           | Yes                   | No                     |              28 |           19 |
| Yes          | No                    | No                     |            2478 |          701 |
| Yes          | No                    | Yes                    |               0 |            0 |
| Yes          | Yes                   | No                     |             161 |           64 |
+--------------+-----------------------+------------------------+-----------------+--------------+


4. Detailed Control Set Information
-----------------------------------

+--------------+-------------------------------------------------------------+-----------------------------------------------------------------------------------------------------+------------------+----------------+
| Clock Signal |                        Enable Signal                        |                                           Set/Reset Signal                                          | Slice Load Count | Bel Load Count |
+--------------+-------------------------------------------------------------+-----------------------------------------------------------------------------------------------------+------------------+----------------+
|  ap_clk      | bd_0_i/hls_inst/inst/grp_range_red_fu_448/ap_CS_fsm_state17 | bd_0_i/hls_inst/inst/grp_range_red_fu_448/logtable6_U/range_red_logtable6_rom_U/q0[43]_i_1__2_n_0   |                1 |              1 |
|  ap_clk      | bd_0_i/hls_inst/inst/ap_CS_fsm_state3                       | bd_0_i/hls_inst/inst/Z2o2_small_reg_3864[30]_i_1_n_0                                                |                1 |              1 |
|  ap_clk      | bd_0_i/hls_inst/inst/grp_range_red_fu_448/ap_CS_fsm_state17 | bd_0_i/hls_inst/inst/grp_range_red_fu_448/logtable7_U/range_red_logtable7_rom_U/q0[37]_i_1__3_n_0   |                1 |              1 |
|  ap_clk      | bd_0_i/hls_inst/inst/grp_range_red_fu_448/ap_CS_fsm_state17 | bd_0_i/hls_inst/inst/grp_range_red_fu_448/logtable8_U/range_red_logtable8_rom_U/q0[31]_i_1__4_n_0   |                1 |              1 |
|  ap_clk      | bd_0_i/hls_inst/inst/grp_range_red_fu_448/ap_CS_fsm_state8  | bd_0_i/hls_inst/inst/grp_range_red_fu_448/logtable2_1_U/range_red_logtabldEe_rom_U/q0[7]_i_1__6_n_0 |                1 |              1 |
|  ap_clk      | bd_0_i/hls_inst/inst/ap_CS_fsm_state6                       | bd_0_i/hls_inst/inst/newSel4_reg_4010                                                               |                2 |              4 |
|  ap_clk      | bd_0_i/hls_inst/inst/grp_range_red_fu_448/p_46_in           |                                                                                                     |                3 |              4 |
|  ap_clk      | bd_0_i/hls_inst/inst/grp_range_red_fu_448/invtable0_ce0     |                                                                                                     |                1 |              5 |
|  ap_clk      | bd_0_i/hls_inst/inst/ap_CS_fsm_state7                       |                                                                                                     |                4 |              7 |
|  ap_clk      | bd_0_i/hls_inst/inst/grp_range_red_fu_448/ap_CS_fsm_state5  | bd_0_i/hls_inst/inst/grp_range_red_fu_448/tmp_14_reg_2529[10]_i_1_n_0                               |                4 |             11 |
|  ap_clk      | bd_0_i/hls_inst/inst/p_0_reg_420                            | bd_0_i/hls_inst/inst/p_0_reg_420[62]_i_1_n_0                                                        |                4 |             12 |
|  ap_clk      | bd_0_i/hls_inst/inst/grp_range_red_fu_448/ap_CS_fsm_state4  |                                                                                                     |                5 |             17 |
|  ap_clk      |                                                             |                                                                                                     |               17 |             20 |
|  ap_clk      | bd_0_i/hls_inst/inst/tmp_332_reg_40350                      | bd_0_i/hls_inst/inst/tmp_332_reg_4035[23]_i_1_n_0                                                   |                8 |             24 |
|  ap_clk      | bd_0_i/hls_inst/inst/grp_range_red_fu_448/ap_CS_fsm_state13 |                                                                                                     |               11 |             26 |
|  ap_clk      |                                                             | ap_rst                                                                                              |               19 |             28 |
|  ap_clk      | bd_0_i/hls_inst/inst/tmp_332_reg_40350                      |                                                                                                     |               15 |             33 |
|  ap_clk      | bd_0_i/hls_inst/inst/tmp_201_reg_39260                      |                                                                                                     |                9 |             34 |
|  ap_clk      | bd_0_i/hls_inst/inst/tmp_200_reg_39210                      |                                                                                                     |                9 |             34 |
|  ap_clk      | bd_0_i/hls_inst/inst/ap_CS_fsm_state5                       |                                                                                                     |               11 |             42 |
|  ap_clk      | bd_0_i/hls_inst/inst/p_val8_2_reg_3769[3]_i_1_n_0           |                                                                                                     |               31 |             49 |
|  ap_clk      | bd_0_i/hls_inst/inst/p_0_reg_420                            | bd_0_i/hls_inst/inst/p_0_reg_420[50]_i_1_n_0                                                        |               21 |             51 |
|  ap_clk      | bd_0_i/hls_inst/inst/grp_range_red_fu_448/ap_CS_fsm_state9  | bd_0_i/hls_inst/inst/grp_range_red_fu_448/tmp_35_reg_2644[3]_i_1_n_0                                |               20 |             54 |
|  ap_clk      | bd_0_i/hls_inst/inst/ap_CS_fsm_state6                       |                                                                                                     |               24 |             55 |
|  ap_clk      | bd_0_i/hls_inst/inst/grp_range_red_fu_448/ap_CS_fsm_state3  |                                                                                                     |               15 |             56 |
|  ap_clk      | bd_0_i/hls_inst/inst/grp_range_red_fu_448/ap_CS_fsm_state11 |                                                                                                     |               15 |             57 |
|  ap_clk      | bd_0_i/hls_inst/inst/Log_normal_L_1_reg_39150               |                                                                                                     |               29 |             60 |
|  ap_clk      | bd_0_i/hls_inst/inst/tmp_194_reg_38910                      |                                                                                                     |               14 |             61 |
|  ap_clk      | bd_0_i/hls_inst/inst/tmp_196_reg_38960                      |                                                                                                     |               15 |             61 |
|  ap_clk      | bd_0_i/hls_inst/inst/ap_CS_fsm_state4                       |                                                                                                     |               20 |             61 |
|  ap_clk      | bd_0_i/hls_inst/inst/grp_range_red_fu_448/ap_CS_fsm_state15 |                                                                                                     |               16 |             61 |
|  ap_clk      | bd_0_i/hls_inst/inst/grp_range_red_fu_448/ap_CS_fsm_state5  |                                                                                                     |               18 |             63 |
|  ap_clk      | bd_0_i/hls_inst/inst/grp_range_red_fu_448/ap_CS_fsm_state6  |                                                                                                     |               15 |             68 |
|  ap_clk      | bd_0_i/hls_inst/inst/grp_range_red_fu_448/ap_CS_fsm_state7  |                                                                                                     |               19 |             69 |
|  ap_clk      | bd_0_i/hls_inst/inst/ap_CS_fsm_state3                       |                                                                                                     |               28 |             88 |
|  ap_clk      | bd_0_i/hls_inst/inst/grp_range_red_fu_448/ap_CS_fsm_state14 |                                                                                                     |               26 |            100 |
|  ap_clk      | bd_0_i/hls_inst/inst/grp_range_red_fu_448/ap_CS_fsm_state16 |                                                                                                     |               31 |            104 |
|  ap_clk      | bd_0_i/hls_inst/inst/grp_range_red_fu_448/ap_CS_fsm_state12 |                                                                                                     |               32 |            116 |
|  ap_clk      | bd_0_i/hls_inst/inst/grp_range_red_fu_448/ap_CS_fsm_state10 |                                                                                                     |               31 |            117 |
|  ap_clk      | bd_0_i/hls_inst/inst/grp_range_red_fu_448/ap_CS_fsm_state9  |                                                                                                     |               43 |            152 |
|  ap_clk      | bd_0_i/hls_inst/inst/grp_range_red_fu_448/ap_CS_fsm_state18 |                                                                                                     |               43 |            157 |
|  ap_clk      | bd_0_i/hls_inst/inst/grp_range_red_fu_448/D[1]              |                                                                                                     |               61 |            176 |
|  ap_clk      | bd_0_i/hls_inst/inst/grp_range_red_fu_448/ap_CS_fsm_state8  |                                                                                                     |               34 |            190 |
|  ap_clk      | bd_0_i/hls_inst/inst/grp_range_red_fu_448/ap_CS_fsm_state17 |                                                                                                     |               73 |            355 |
+--------------+-------------------------------------------------------------+-----------------------------------------------------------------------------------------------------+------------------+----------------+


