

================================================================
== Vivado HLS Report for 'range_red'
================================================================
* Date:           Thu May 30 06:13:35 2019

* Version:        2018.3 (Build 2405991 on Thu Dec 06 23:56:15 MST 2018)
* Project:        hotbm_log
* Solution:       solution1
* Product family: virtex7
* Target device:  xc7vx690tffg1761-2


================================================================
== Performance Estimates
================================================================
+ Timing (ns): 
    * Summary: 
    +--------+-------+----------+------------+
    |  Clock | Target| Estimated| Uncertainty|
    +--------+-------+----------+------------+
    |ap_clk  |  10.00|     8.533|        1.25|
    +--------+-------+----------+------------+

+ Latency (clock cycles): 
    * Summary: 
    +-----+-----+-----+-----+---------+
    |  Latency  |  Interval | Pipeline|
    | min | max | min | max |   Type  |
    +-----+-----+-----+-----+---------+
    |   18|   18|   18|   18|   none  |
    +-----+-----+-----+-----+---------+

    + Detail: 
        * Instance: 
        N/A

        * Loop: 
        N/A



================================================================
== Utilization Estimates
================================================================
* Summary: 
+-----------------+---------+-------+--------+--------+
|       Name      | BRAM_18K| DSP48E|   FF   |   LUT  |
+-----------------+---------+-------+--------+--------+
|DSP              |        -|      1|       -|       -|
|Expression       |        -|      3|       0|    4750|
|FIFO             |        -|      -|       -|       -|
|Instance         |        -|      -|       -|       -|
|Memory           |        4|      -|     499|     136|
|Multiplexer      |        -|      -|       -|      97|
|Register         |        -|      -|    2009|       -|
+-----------------+---------+-------+--------+--------+
|Total            |        4|      4|    2508|    4983|
+-----------------+---------+-------+--------+--------+
|Available        |     2940|   3600|  866400|  433200|
+-----------------+---------+-------+--------+--------+
|Utilization (%)  |    ~0   |   ~0  |   ~0   |       1|
+-----------------+---------+-------+--------+--------+

+ Detail: 
    * Instance: 
    N/A

    * DSP48: 
    +-------------------------+----------------------+--------------+
    |         Instance        |        Module        |  Expression  |
    +-------------------------+----------------------+--------------+
    |logd_mac_muladd_4ncg_U1  |logd_mac_muladd_4ncg  | i0 * i1 + i2 |
    +-------------------------+----------------------+--------------+

    * Memory: 
    +---------------+----------------------+---------+----+----+------+-----+------+-------------+
    |     Memory    |        Module        | BRAM_18K| FF | LUT| Words| Bits| Banks| W*Bits*Banks|
    +---------------+----------------------+---------+----+----+------+-----+------+-------------+
    |invtable0_U    |range_red_invtable0   |        0|   6|   3|    32|    6|     1|          192|
    |logtable0_1_U  |range_red_logtablbkb  |        0|  23|  12|    32|   23|     1|          736|
    |logtable1_1_U  |range_red_logtablcud  |        0|  19|   5|    16|   19|     1|          304|
    |logtable2_1_U  |range_red_logtabldEe  |        0|  16|   4|    16|   16|     1|          256|
    |logtable6_U    |range_red_logtable6   |        2|   0|   0|    16|   64|     1|         1024|
    |logtable7_U    |range_red_logtable7   |        0|  61|  16|    16|   61|     1|          976|
    |logtable8_U    |range_red_logtable8   |        0|  58|  15|    16|   58|     1|          928|
    |logtable3_1_U  |range_red_logtableOg  |        0|  13|   4|    16|   13|     1|          208|
    |logtable4_1_U  |range_red_logtablfYi  |        0|  10|   3|    16|   10|     1|          160|
    |logtable5_1_U  |range_red_logtablg8j  |        0|   7|   2|    16|    7|     1|          112|
    |logtable0_0_U  |range_red_logtablhbi  |        2|   0|   0|    32|   60|     1|         1920|
    |logtable1_0_U  |range_red_logtablibs  |        0|  60|  15|    16|   60|     1|          960|
    |logtable2_0_U  |range_red_logtabljbC  |        0|  60|  15|    16|   60|     1|          960|
    |logtable3_0_U  |range_red_logtablkbM  |        0|  60|  15|    16|   60|     1|          960|
    |logtable4_0_U  |range_red_logtabllbW  |        0|  56|  14|    16|   56|     1|          896|
    |logtable5_0_U  |range_red_logtablmb6  |        0|  50|  13|    16|   50|     1|          800|
    +---------------+----------------------+---------+----+----+------+-----+------+-------------+
    |Total          |                      |        4| 499| 136|   304|  623|    16|        11392|
    +---------------+----------------------+---------+----+----+------+-----+------+-------------+

    * FIFO: 
    N/A

    * Expression: 
    +------------------------------+----------+-------+---+----+------------+------------+
    |         Variable Name        | Operation| DSP48E| FF| LUT| Bitwidth P0| Bitwidth P1|
    +------------------------------+----------+-------+---+----+------------+------------+
    |P0_fu_536_p2                  |     *    |      3|  0|  33|          54|           6|
    |P2_0_fu_761_p2                |     *    |      0|  0|  43|           4|          62|
    |P3_0_fu_969_p2                |     *    |      0|  0|  39|           4|          60|
    |P4_0_fu_1306_p2               |     *    |      0|  0|  36|           4|          57|
    |P5_fu_1593_p2                 |     *    |      0|  0|  30|           4|          51|
    |P6_fu_1819_p2                 |     *    |      0|  0|  17|           4|          45|
    |P7_fu_1949_p2                 |     *    |      0|  0|  28|           4|          39|
    |P8_fu_2157_p2                 |     *    |      0|  0|  22|           4|          33|
    |tmp_1_fu_574_p2               |     *    |      0|  0|  33|           4|          54|
    |B6_fu_1687_p2                 |     +    |      0|  0|  67|          60|          60|
    |B7_fu_1911_p2                 |     +    |      0|  0|  64|          57|          57|
    |B8_fu_2101_p2                 |     +    |      0|  0|  61|          54|          54|
    |SUM_LS_1_fu_2336_p2           |     +    |      0|  0|  67|          60|          60|
    |SUM_LS_fu_2330_p2             |     +    |      0|  0|  70|          63|          63|
    |SUM_MS_fu_2434_p2             |     +    |      0|  0|  64|          24|          24|
    |Z2_d_fu_661_p2                |     +    |      0|  0|  69|          62|          62|
    |Z3_1_fu_882_p2                |     +    |      0|  0|  64|          10|          10|
    |Z4_0_2_fu_1181_p2             |     +    |      0|  0|  67|          60|          60|
    |Z4_0_cast_fu_1187_p2          |     +    |      0|  0|  68|          61|          61|
    |Z4_0_fu_1175_p2               |     +    |      0|  0|  71|          64|          64|
    |Z4_1_fu_1249_p2               |     +    |      0|  0|  64|          11|          11|
    |Z5_0_2_fu_1447_p2             |     +    |      0|  0|  67|          60|          60|
    |Z5_0_cast_fu_1453_p2          |     +    |      0|  0|  68|          61|          61|
    |Z5_0_fu_1441_p2               |     +    |      0|  0|  70|          63|          63|
    |Z5_1_fu_1473_p2               |     +    |      0|  0|  15|           8|           8|
    |Z6_0_cast_fu_1693_p2          |     +    |      0|  0|  68|          61|          61|
    |Z6_0_fu_1681_p2               |     +    |      0|  0|  69|          62|          62|
    |Z6_1_fu_1713_p2               |     +    |      0|  0|  15|           5|           5|
    |Z7_0_cast_cast_fu_1916_p2     |     +    |      0|  0|  68|          61|          61|
    |Z7_0_fu_1905_p2               |     +    |      0|  0|  69|          62|          62|
    |Z8_0_cast25_cast_fu_2107_p2   |     +    |      0|  0|  65|          58|          58|
    |Z8_0_fu_2095_p2               |     +    |      0|  0|  66|          59|          59|
    |Z9_fu_2221_p2                 |     +    |      0|  0|  64|          56|          56|
    |tmp10_fu_2283_p2              |     +    |      0|  0|  64|          61|          61|
    |tmp11_fu_2267_p2              |     +    |      0|  0|  63|          56|          56|
    |tmp12_fu_2277_p2              |     +    |      0|  0|  64|          61|          61|
    |tmp13_fu_2312_p2              |     +    |      0|  0|  64|          62|          62|
    |tmp14_fu_1113_p2              |     +    |      0|  0|  68|          61|          61|
    |tmp15_fu_2306_p2              |     +    |      0|  0|  64|          62|          62|
    |tmp16_fu_2296_p2              |     +    |      0|  0|  68|          61|          61|
    |tmp17_fu_2397_p2              |     +    |      0|  0|  64|          24|          24|
    |tmp18_fu_2370_p2              |     +    |      0|  0|  31|          24|          24|
    |tmp19_fu_1119_p2              |     +    |      0|  0|  24|          17|          17|
    |tmp20_fu_2424_p2              |     +    |      0|  0|  64|          11|          11|
    |tmp21_fu_2402_p2              |     +    |      0|  0|  64|          11|          11|
    |tmp22_fu_2414_p2              |     +    |      0|  0|  64|           5|           5|
    |tmp23_fu_2408_p2              |     +    |      0|  0|  64|           5|           5|
    |tmp_103_fu_1769_p2            |     +    |      0|  0|  13|           4|           4|
    |tmp_112_fu_2205_p2            |     +    |      0|  0|  62|          55|          55|
    |tmp_11_fu_703_p2              |     +    |      0|  0|  55|          48|          48|
    |tmp_14_fu_721_p2              |     +    |      0|  0|  68|          61|          61|
    |tmp_20_fu_749_p2              |     +    |      0|  0|  16|           9|           9|
    |tmp_40_fu_1149_p2             |     +    |      0|  0|  64|          64|          64|
    |tmp_49_fu_1091_p2             |     +    |      0|  0|  17|          10|          10|
    |tmp_64_fu_1409_p2             |     +    |      0|  0|  64|          62|          62|
    |tmp_72_fu_1507_p2             |     +    |      0|  0|  16|           2|           9|
    |tmp_74_fu_1525_p2             |     +    |      0|  0|  15|           8|           8|
    |tmp_86_fu_1747_p2             |     +    |      0|  0|  13|           2|           4|
    |tmp_8_fu_655_p2               |     +    |      0|  0|  67|          60|          60|
    |Z3_0_fu_803_p2                |     -    |      0|  0|  69|          62|          62|
    |tmp_105_fu_2051_p2            |     -    |      0|  0|  65|          58|          58|
    |tmp_113_fu_2215_p2            |     -    |      0|  0|  64|          56|          56|
    |tmp_21_fu_826_p2              |     -    |      0|  0|  17|          10|          10|
    |tmp_22_fu_832_p2              |     -    |      0|  0|  64|          10|          10|
    |tmp_39_fu_1052_p2             |     -    |      0|  0|  68|          61|          61|
    |tmp_41_fu_1155_p2             |     -    |      0|  0|  64|          64|          64|
    |tmp_50_fu_1199_p2             |     -    |      0|  0|  64|          11|          11|
    |tmp_63_fu_1399_p2             |     -    |      0|  0|  68|          61|          61|
    |tmp_65_fu_1415_p2             |     -    |      0|  0|  64|          62|          62|
    |tmp_7_fu_645_p2               |     -    |      0|  0|  67|          60|          60|
    |tmp_80_fu_1647_p2             |     -    |      0|  0|  68|          61|          61|
    |tmp_94_fu_1844_p2             |     -    |      0|  0|  68|          61|          61|
    |tmp_100_fu_2009_p2            |   icmp   |      0|  0|   9|           4|           1|
    |tmp_109_fu_2163_p2            |   icmp   |      0|  0|   9|           4|           1|
    |tmp_10_fu_677_p2              |   icmp   |      0|  0|   9|           4|           1|
    |tmp_24_fu_856_p2              |   icmp   |      0|  0|  29|          62|          62|
    |tmp_32_fu_1004_p2             |   icmp   |      0|  0|   9|           4|           1|
    |tmp_52_fu_1223_p2             |   icmp   |      0|  0|  29|          64|          62|
    |tmp_57_fu_1339_p2             |   icmp   |      0|  0|   9|           4|           1|
    |tmp_5_fu_580_p2               |   icmp   |      0|  0|   9|           4|           1|
    |tmp_71_fu_1501_p2             |   icmp   |      0|  0|  29|          63|          62|
    |tmp_77_fu_1618_p2             |   icmp   |      0|  0|   9|           4|           1|
    |tmp_85_fu_1741_p2             |   icmp   |      0|  0|  29|          62|          62|
    |tmp_91_fu_1825_p2             |   icmp   |      0|  0|   9|           4|           1|
    |tmp_58_fu_1355_p2             |    or    |      0|  0|  25|          24|          25|
    |tmp_78_fu_1630_p2             |    or    |      0|  0|  25|          24|          25|
    |A6_fu_1775_p3                 |  select  |      0|  0|   4|           1|           4|
    |Z3_1_1_v_fu_874_p3            |  select  |      0|  0|  10|           1|           2|
    |Z4_1_2_v_fu_1241_p3           |  select  |      0|  0|  11|           1|           2|
    |Z5_1_2_fu_1554_p3             |  select  |      0|  0|   9|           1|           9|
    |epsZ1_1_fu_612_p3             |  select  |      0|  0|  60|           1|          60|
    |epsZ1_fu_592_p3               |  select  |      0|  0|  59|           1|           1|
    |epsZ2_0_fu_683_p3             |  select  |      0|  0|  60|           1|           1|
    |epsZ3_0_fu_1009_p3            |  select  |      0|  0|  49|           1|           1|
    |epsZ3_1_fu_1023_p3            |  select  |      0|  0|  20|           1|           1|
    |epsZ4_0_fu_1344_p3            |  select  |      0|  0|  42|           1|           1|
    |epsZ4_1_fu_1361_p3            |  select  |      0|  0|  25|           1|           1|
    |epsZ5_0_fu_1623_p3            |  select  |      0|  0|  39|           1|           1|
    |epsZ5_1_fu_1636_p3            |  select  |      0|  0|  25|           1|           1|
    |epsZ6_0_fu_1854_p3            |  select  |      0|  0|  36|           1|           1|
    |epsZ6_1_fu_1867_p3            |  select  |      0|  0|  24|           1|           1|
    |epsZ7_0_fu_2014_p3            |  select  |      0|  0|  33|           1|           1|
    |epsZ8_0_fu_2168_p3            |  select  |      0|  0|  29|           1|           1|
    |tmp_101_fu_2028_p3            |  select  |      0|  0|  24|           1|           1|
    |tmp_173_cast_cast_fu_2183_p3  |  select  |      0|  0|  54|           1|           1|
    |tmp_22_cast_cast_fu_727_p3    |  select  |      0|  0|   8|           1|           1|
    +------------------------------+----------+-------+---+----+------------+------------+
    |Total                         |          |      3|  0|4750|        3182|        3559|
    +------------------------------+----------+-------+---+----+------------+------------+

    * Multiplexer: 
    +-----------+----+-----------+-----+-----------+
    |    Name   | LUT| Input Size| Bits| Total Bits|
    +-----------+----+-----------+-----+-----------+
    |ap_NS_fsm  |  97|         20|    1|         20|
    +-----------+----+-----------+-----+-----------+
    |Total      |  97|         20|    1|         20|
    +-----------+----+-----------+-----+-----------+

    * Register: 
    +---------------------------+----+----+-----+-----------+
    |            Name           | FF | LUT| Bits| Const Bits|
    +---------------------------+----+----+-----+-----------+
    |A1_reg_2497                |   4|   0|    4|          0|
    |A2_reg_2524                |   4|   0|    4|          0|
    |A3_reg_2565                |   4|   0|    4|          0|
    |A4_reg_2694                |   4|   0|    4|          0|
    |A5_reg_2766                |   4|   0|    4|          0|
    |A6_reg_2782                |   4|   0|    4|          0|
    |A7_reg_2823                |   4|   0|    4|          0|
    |A8_reg_2849                |   4|   0|    4|          0|
    |B6_reg_2777                |  60|   0|   60|          0|
    |B7_reg_2818                |  57|   0|   57|          0|
    |B8_reg_2844                |  54|   0|   54|          0|
    |InvA0_reg_2486             |   6|   0|    6|          0|
    |SUM_LS_1_reg_2935          |  60|   0|   60|          0|
    |Z1_d_reg_2491              |  54|   0|   54|          0|
    |Z2_d_reg_2519              |  62|   0|   62|          0|
    |Z3_1_2_reg_2560            |   9|   0|    9|          0|
    |Z4_0_2_reg_2679            |  60|   0|   60|          0|
    |Z4_1_reg_2684              |  11|   0|   11|          0|
    |Z5_0_2_reg_2726            |  60|   0|   60|          0|
    |Z5_1_2_reg_2756            |   9|   0|    9|          0|
    |Z9_reg_2920                |  56|   0|   56|          0|
    |ZM8_reg_2855               |  33|   0|   33|          0|
    |ap_CS_fsm                  |  19|   0|   19|          0|
    |epsZ3_0_reg_2637           |  49|   0|   49|          0|
    |logtable4_1_load_reg_2925  |  10|   0|   10|          0|
    |logtable5_1_load_reg_2930  |   7|   0|    7|          0|
    |phitmp1_cast_reg_2587      |  49|   0|   49|          0|
    |phitmp4_cast_reg_2711      |  42|   0|   42|          0|
    |phitmp7_cast_reg_2751      |  39|   0|   39|          0|
    |tmp14_reg_2669             |  61|   0|   61|          0|
    |tmp18_reg_2955             |  24|   0|   24|          0|
    |tmp19_reg_2674             |  17|   0|   17|          0|
    |tmp_104_reg_2839           |  39|   0|   39|          0|
    |tmp_110_reg_2860           |  29|   0|   29|          0|
    |tmp_114_reg_2945           |   4|   0|    4|          0|
    |tmp_116_reg_2813           |  57|   0|   57|          0|
    |tmp_117_reg_2834           |   1|   0|    1|          0|
    |tmp_118_reg_2950           |   3|   0|    3|          0|
    |tmp_120_cast_reg_2746      |  44|   0|   44|          0|
    |tmp_127_reg_2940           |   1|   0|    1|          0|
    |tmp_12_reg_2509            |  50|   0|   50|          0|
    |tmp_146_cast_reg_2796      |  36|   0|   36|          0|
    |tmp_14_reg_2529            |  61|   0|   61|          0|
    |tmp_159_cast_reg_2829      |  33|   0|   33|          0|
    |tmp_16_reg_2545            |  59|   0|   59|          0|
    |tmp_17_reg_2550            |   1|   0|    1|          0|
    |tmp_18_reg_2555            |   4|   0|    4|          0|
    |tmp_1_reg_2514             |  58|   0|   58|          0|
    |tmp_20_reg_2534            |   9|   0|    9|          0|
    |tmp_27_reg_2577            |   6|   0|    6|          0|
    |tmp_2_reg_2539             |   4|   0|   64|         60|
    |tmp_30_reg_2607            |   4|   0|    4|          0|
    |tmp_34_reg_2592            |  56|   0|   56|          0|
    |tmp_35_reg_2644            |   9|   0|   15|          6|
    |tmp_37_reg_2649            |   4|   0|    4|          0|
    |tmp_39_reg_2654            |  61|   0|   61|          0|
    |tmp_43_cast_reg_2572       |  54|   0|   54|          0|
    |tmp_46_reg_2602            |   5|   0|    5|          0|
    |tmp_48_cast_reg_2582       |   3|   0|    3|          0|
    |tmp_49_reg_2664            |  10|   0|   10|          0|
    |tmp_54_reg_2689            |   6|   0|    6|          0|
    |tmp_55_reg_2706            |  10|   0|   10|          0|
    |tmp_59_cast_reg_2612       |  56|   0|   56|          0|
    |tmp_61_reg_2721            |   1|   0|    1|          0|
    |tmp_67_cast_reg_2597       |   4|   0|    4|          0|
    |tmp_71_reg_2731            |   1|   0|    1|          0|
    |tmp_72_cast_reg_2659       |   3|   0|    3|          0|
    |tmp_72_reg_2736            |   9|   0|    9|          0|
    |tmp_74_reg_2741            |   8|   0|    8|          0|
    |tmp_75_reg_2761            |   3|   0|    3|          0|
    |tmp_79_reg_2772            |  51|   0|   51|          0|
    |tmp_88_reg_2791            |  41|   0|   41|          0|
    |tmp_89_cast_reg_2701       |  47|   0|   47|          0|
    |tmp_91_reg_2801            |   1|   0|    1|          0|
    |tmp_94_reg_2807            |  61|   0|   61|          0|
    |tmp_98_cast_reg_2716       |  56|   0|   56|          0|
    |tmp_9_reg_2504             |   1|   0|    1|          0|
    |tmp_reg_2475               |   5|   0|   64|         59|
    +---------------------------+----+----+-----+-----------+
    |Total                      |2009|   0| 2134|        125|
    +---------------------------+----+----+-----+-----------+



================================================================
== Interface
================================================================
* Summary: 
+-------------+-----+-----+------------+--------------+--------------+
|  RTL Ports  | Dir | Bits|  Protocol  | Source Object|    C Type    |
+-------------+-----+-----+------------+--------------+--------------+
|ap_clk       |  in |    1| ap_ctrl_hs |   range_red  | return value |
|ap_rst       |  in |    1| ap_ctrl_hs |   range_red  | return value |
|ap_start     |  in |    1| ap_ctrl_hs |   range_red  | return value |
|ap_done      | out |    1| ap_ctrl_hs |   range_red  | return value |
|ap_idle      | out |    1| ap_ctrl_hs |   range_red  | return value |
|ap_ready     | out |    1| ap_ctrl_hs |   range_red  | return value |
|ap_return_0  | out |   64| ap_ctrl_hs |   range_red  | return value |
|ap_return_1  | out |   64| ap_ctrl_hs |   range_red  | return value |
|ap_return_2  | out |   64| ap_ctrl_hs |   range_red  | return value |
|A            |  in |    5|   ap_none  |       A      |    scalar    |
|Y0           |  in |   54|   ap_none  |      Y0      |    scalar    |
+-------------+-----+-----+------------+--------------+--------------+

