#-----------------------------------------------------------
# Vivado v2018.3 (64-bit)
# SW Build 2405991 on Thu Dec  6 23:38:27 MST 2018
# IP Build 2404404 on Fri Dec  7 01:43:56 MST 2018
# Start of session at: Thu May 30 06:38:19 2019
# Process ID: 11820
# Current directory: C:/Users/caner/OneDrive/Documents/GitHub/DSDM-Project/Vivado/hotbm_log_11_52
# Command line: vivado.exe -gui_launcher_event rodinguilauncherevent17708 C:\Users\caner\OneDrive\Documents\GitHub\DSDM-Project\Vivado\hotbm_log_11_52\hotbm_log_11_52.xpr
# Log file: C:/Users/caner/OneDrive/Documents/GitHub/DSDM-Project/Vivado/hotbm_log_11_52/vivado.log
# Journal file: C:/Users/caner/OneDrive/Documents/GitHub/DSDM-Project/Vivado/hotbm_log_11_52\vivado.jou
#-----------------------------------------------------------
start_gui
open_project C:/Users/caner/OneDrive/Documents/GitHub/DSDM-Project/Vivado/hotbm_log_11_52/hotbm_log_11_52.xpr
Scanning sources...
Finished scanning sources
INFO: [IP_Flow 19-234] Refreshing IP repositories
INFO: [IP_Flow 19-1704] No user IP repositories specified
INFO: [IP_Flow 19-2313] Loaded Vivado IP repository 'C:/Xilinx/Vivado/2018.3/data/ip'.
open_project: Time (s): cpu = 00:00:28 ; elapsed = 00:00:18 . Memory (MB): peak = 677.027 ; gain = 116.984
update_compile_order -fileset sources_1
exit
INFO: [Common 17-206] Exiting Vivado at Thu May 30 06:39:26 2019...
