Copyright 1986-2018 Xilinx, Inc. All Rights Reserved.
------------------------------------------------------------------------------------
| Tool Version : Vivado v.2018.3 (win64) Build 2405991 Thu Dec  6 23:38:27 MST 2018
| Date         : Thu May 30 19:28:59 2019
| Host         : DESKTOP-65QNE4G running 64-bit major release  (build 9200)
| Command      : report_timing_summary -file ./report/logd_timing_synth.rpt
| Design       : bd_0_wrapper
| Device       : 7vx690t-ffg1761
| Speed File   : -2  PRODUCTION 1.11 2014-09-11
------------------------------------------------------------------------------------

Timing Summary Report

------------------------------------------------------------------------------------------------
| Timer Settings
| --------------
------------------------------------------------------------------------------------------------

  Enable Multi Corner Analysis               :  Yes
  Enable Pessimism Removal                   :  Yes
  Pessimism Removal Resolution               :  Nearest Common Node
  Enable Input Delay Default Clock           :  No
  Enable Preset / Clear Arcs                 :  No
  Disable Flight Delays                      :  No
  Ignore I/O Paths                           :  No
  Timing Early Launch at Borrowing Latches   :  false

  Corner  Analyze    Analyze    
  Name    Max Paths  Min Paths  
  ------  ---------  ---------  
  Slow    Yes        Yes        
  Fast    Yes        Yes        



check_timing report

Table of Contents
-----------------
1. checking no_clock
2. checking constant_clock
3. checking pulse_width_clock
4. checking unconstrained_internal_endpoints
5. checking no_input_delay
6. checking no_output_delay
7. checking multiple_clock
8. checking generated_clocks
9. checking loops
10. checking partial_input_delay
11. checking partial_output_delay
12. checking latch_loops

1. checking no_clock
--------------------
 There are 0 register/latch pins with no clock.


2. checking constant_clock
--------------------------
 There are 0 register/latch pins with constant_clock.


3. checking pulse_width_clock
-----------------------------
 There are 0 register/latch pins which need pulse_width check


4. checking unconstrained_internal_endpoints
--------------------------------------------
 There are 0 pins that are not constrained for maximum delay.

 There are 0 pins that are not constrained for maximum delay due to constant clock.


5. checking no_input_delay
--------------------------
 There are 66 input ports with no input delay specified. (HIGH)

 There are 0 input ports with no input delay but user has a false path constraint.


6. checking no_output_delay
---------------------------
 There are 67 ports with no output delay specified. (HIGH)

 There are 0 ports with no output delay but user has a false path constraint

 There are 0 ports with no output delay but with a timing clock defined on it or propagating through it


7. checking multiple_clock
--------------------------
 There are 0 register/latch pins with multiple clocks.


8. checking generated_clocks
----------------------------
 There are 0 generated clocks that are not connected to a clock source.


9. checking loops
-----------------
 There are 0 combinational loops in the design.


10. checking partial_input_delay
--------------------------------
 There are 0 input ports with partial input delay specified.


11. checking partial_output_delay
---------------------------------
 There are 0 ports with partial output delay specified.


12. checking latch_loops
------------------------
 There are 0 combinational latch loops in the design through latch input



------------------------------------------------------------------------------------------------
| Design Timing Summary
| ---------------------
------------------------------------------------------------------------------------------------

    WNS(ns)      TNS(ns)  TNS Failing Endpoints  TNS Total Endpoints      WHS(ns)      THS(ns)  THS Failing Endpoints  THS Total Endpoints     WPWS(ns)     TPWS(ns)  TPWS Failing Endpoints  TPWS Total Endpoints  
    -------      -------  ---------------------  -------------------      -------      -------  ---------------------  -------------------     --------     --------  ----------------------  --------------------  
      2.696        0.000                      0                 6298        0.176        0.000                      0                 6298        4.650        0.000                       0                  2698  


All user specified timing constraints are met.


------------------------------------------------------------------------------------------------
| Clock Summary
| -------------
------------------------------------------------------------------------------------------------

Clock   Waveform(ns)       Period(ns)      Frequency(MHz)
-----   ------------       ----------      --------------
ap_clk  {0.000 5.000}      10.000          100.000         


------------------------------------------------------------------------------------------------
| Intra Clock Table
| -----------------
------------------------------------------------------------------------------------------------

Clock             WNS(ns)      TNS(ns)  TNS Failing Endpoints  TNS Total Endpoints      WHS(ns)      THS(ns)  THS Failing Endpoints  THS Total Endpoints     WPWS(ns)     TPWS(ns)  TPWS Failing Endpoints  TPWS Total Endpoints  
-----             -------      -------  ---------------------  -------------------      -------      -------  ---------------------  -------------------     --------     --------  ----------------------  --------------------  
ap_clk              2.696        0.000                      0                 6298        0.176        0.000                      0                 6298        4.650        0.000                       0                  2698  


------------------------------------------------------------------------------------------------
| Inter Clock Table
| -----------------
------------------------------------------------------------------------------------------------

From Clock    To Clock          WNS(ns)      TNS(ns)  TNS Failing Endpoints  TNS Total Endpoints      WHS(ns)      THS(ns)  THS Failing Endpoints  THS Total Endpoints  
----------    --------          -------      -------  ---------------------  -------------------      -------      -------  ---------------------  -------------------  


------------------------------------------------------------------------------------------------
| Other Path Groups Table
| -----------------------
------------------------------------------------------------------------------------------------

Path Group    From Clock    To Clock          WNS(ns)      TNS(ns)  TNS Failing Endpoints  TNS Total Endpoints      WHS(ns)      THS(ns)  THS Failing Endpoints  THS Total Endpoints  
----------    ----------    --------          -------      -------  ---------------------  -------------------      -------      -------  ---------------------  -------------------  


------------------------------------------------------------------------------------------------
| Timing Details
| --------------
------------------------------------------------------------------------------------------------


---------------------------------------------------------------------------------------------------
From Clock:  ap_clk
  To Clock:  ap_clk

Setup :            0  Failing Endpoints,  Worst Slack        2.696ns,  Total Violation        0.000ns
Hold  :            0  Failing Endpoints,  Worst Slack        0.176ns,  Total Violation        0.000ns
PW    :            0  Failing Endpoints,  Worst Slack        4.650ns,  Total Violation        0.000ns
---------------------------------------------------------------------------------------------------


Max Delay Paths
--------------------------------------------------------------------------------------
Slack (MET) :             2.696ns  (required time - arrival time)
  Source:                 bd_0_i/hls_inst/inst/Z2o2_full_fu_1752_p2__1/CLK
                            (rising edge-triggered cell DSP48E1 clocked by ap_clk  {rise@0.000ns fall@5.000ns period=10.000ns})
  Destination:            bd_0_i/hls_inst/inst/LogF_normal_L_2_reg_3853_reg[57]/D
                            (rising edge-triggered cell FDRE clocked by ap_clk  {rise@0.000ns fall@5.000ns period=10.000ns})
  Path Group:             ap_clk
  Path Type:              Setup (Max at Slow Process Corner)
  Requirement:            10.000ns  (ap_clk rise@10.000ns - ap_clk rise@0.000ns)
  Data Path Delay:        7.317ns  (logic 6.414ns (87.654%)  route 0.903ns (12.346%))
  Logic Levels:           24  (CARRY4=20 DSP48E1=1 LUT2=3)
  Clock Path Skew:        -0.027ns (DCD - SCD + CPR)
    Destination Clock Delay (DCD):    0.510ns = ( 10.510 - 10.000 ) 
    Source Clock Delay      (SCD):    0.537ns
    Clock Pessimism Removal (CPR):    0.000ns
  Clock Uncertainty:      0.035ns  ((TSJ^2 + TIJ^2)^1/2 + DJ) / 2 + PE
    Total System Jitter     (TSJ):    0.071ns
    Total Input Jitter      (TIJ):    0.000ns
    Discrete Jitter          (DJ):    0.000ns
    Phase Error              (PE):    0.000ns

    Location             Delay type                Incr(ns)  Path(ns)    Netlist Resource(s)
  -------------------------------------------------------------------    -------------------
                         (clock ap_clk rise edge)     0.000     0.000 r  
                                                      0.000     0.000 r  ap_clk (IN)
                         net (fo=2723, unset)         0.537     0.537    bd_0_i/hls_inst/inst/ap_clk
                         DSP48E1                                      r  bd_0_i/hls_inst/inst/Z2o2_full_fu_1752_p2__1/CLK
  -------------------------------------------------------------------    -------------------
                         DSP48E1 (Prop_dsp48e1_CLK_PCOUT[47])
                                                      3.001     3.538 r  bd_0_i/hls_inst/inst/Z2o2_full_fu_1752_p2__1/PCOUT[47]
                         net (fo=1, unplaced)         0.000     3.538    bd_0_i/hls_inst/inst/Z2o2_full_fu_1752_p2__1_n_106
                         DSP48E1 (Prop_dsp48e1_PCIN[47]_P[0])
                                                      1.077     4.615 r  bd_0_i/hls_inst/inst/Z2o2_full_fu_1752_p2__2/P[0]
                         net (fo=2, unplaced)         0.466     5.081    bd_0_i/hls_inst/inst/Z2o2_full_fu_1752_p2__2_n_105
                         LUT2 (Prop_lut2_I0_O)        0.043     5.124 r  bd_0_i/hls_inst/inst/Z2o2_small_reg_3864[4]_i_17/O
                         net (fo=1, unplaced)         0.000     5.124    bd_0_i/hls_inst/inst/Z2o2_small_reg_3864[4]_i_17_n_0
                         CARRY4 (Prop_carry4_S[1]_CO[3])
                                                      0.256     5.380 r  bd_0_i/hls_inst/inst/Z2o2_small_reg_3864_reg[4]_i_10/CO[3]
                         net (fo=1, unplaced)         0.000     5.380    bd_0_i/hls_inst/inst/Z2o2_small_reg_3864_reg[4]_i_10_n_0
                         CARRY4 (Prop_carry4_CI_CO[3])
                                                      0.054     5.434 r  bd_0_i/hls_inst/inst/Z2o2_small_reg_3864_reg[4]_i_5/CO[3]
                         net (fo=1, unplaced)         0.000     5.434    bd_0_i/hls_inst/inst/Z2o2_small_reg_3864_reg[4]_i_5_n_0
                         CARRY4 (Prop_carry4_CI_CO[3])
                                                      0.054     5.488 r  bd_0_i/hls_inst/inst/Z2o2_small_reg_3864_reg[4]_i_4/CO[3]
                         net (fo=1, unplaced)         0.000     5.488    bd_0_i/hls_inst/inst/Z2o2_small_reg_3864_reg[4]_i_4_n_0
                         CARRY4 (Prop_carry4_CI_CO[3])
                                                      0.054     5.542 r  bd_0_i/hls_inst/inst/Z2o2_small_reg_3864_reg[8]_i_5/CO[3]
                         net (fo=1, unplaced)         0.000     5.542    bd_0_i/hls_inst/inst/Z2o2_small_reg_3864_reg[8]_i_5_n_0
                         CARRY4 (Prop_carry4_CI_CO[3])
                                                      0.054     5.596 r  bd_0_i/hls_inst/inst/Z2o2_small_reg_3864_reg[10]_i_5/CO[3]
                         net (fo=1, unplaced)         0.000     5.596    bd_0_i/hls_inst/inst/Z2o2_small_reg_3864_reg[10]_i_5_n_0
                         CARRY4 (Prop_carry4_CI_CO[3])
                                                      0.054     5.650 r  bd_0_i/hls_inst/inst/Z2o2_small_reg_3864_reg[12]_i_4/CO[3]
                         net (fo=1, unplaced)         0.000     5.650    bd_0_i/hls_inst/inst/Z2o2_small_reg_3864_reg[12]_i_4_n_0
                         CARRY4 (Prop_carry4_CI_CO[3])
                                                      0.054     5.704 r  bd_0_i/hls_inst/inst/Z2o2_small_reg_3864_reg[20]_i_4/CO[3]
                         net (fo=1, unplaced)         0.000     5.704    bd_0_i/hls_inst/inst/Z2o2_small_reg_3864_reg[20]_i_4_n_0
                         CARRY4 (Prop_carry4_CI_CO[3])
                                                      0.054     5.758 r  bd_0_i/hls_inst/inst/Z2o2_small_reg_3864_reg[30]_i_9/CO[3]
                         net (fo=1, unplaced)         0.000     5.758    bd_0_i/hls_inst/inst/Z2o2_small_reg_3864_reg[30]_i_9_n_0
                         CARRY4 (Prop_carry4_CI_CO[3])
                                                      0.054     5.812 r  bd_0_i/hls_inst/inst/Z2o2_small_reg_3864_reg[30]_i_6/CO[3]
                         net (fo=1, unplaced)         0.000     5.812    bd_0_i/hls_inst/inst/Z2o2_small_reg_3864_reg[30]_i_6_n_0
                         CARRY4 (Prop_carry4_CI_O[1])
                                                      0.173     5.985 r  bd_0_i/hls_inst/inst/Z2o2_small_reg_3864_reg[30]_i_4/O[1]
                         net (fo=9, unplaced)         0.230     6.215    bd_0_i/hls_inst/inst/Z2o2_cast_fu_1758_p4[27]
                         LUT2 (Prop_lut2_I1_O)        0.125     6.340 r  bd_0_i/hls_inst/inst/LogF_normal_L_2_reg_3853[27]_i_9/O
                         net (fo=1, unplaced)         0.000     6.340    bd_0_i/hls_inst/inst/LogF_normal_L_2_reg_3853[27]_i_9_n_0
                         CARRY4 (Prop_carry4_S[1]_CO[3])
                                                      0.256     6.596 r  bd_0_i/hls_inst/inst/LogF_normal_L_2_reg_3853_reg[27]_i_6/CO[3]
                         net (fo=1, unplaced)         0.000     6.596    bd_0_i/hls_inst/inst/LogF_normal_L_2_reg_3853_reg[27]_i_6_n_0
                         CARRY4 (Prop_carry4_CI_CO[3])
                                                      0.054     6.650 r  bd_0_i/hls_inst/inst/LogF_normal_L_2_reg_3853_reg[31]_i_6/CO[3]
                         net (fo=1, unplaced)         0.000     6.650    bd_0_i/hls_inst/inst/LogF_normal_L_2_reg_3853_reg[31]_i_6_n_0
                         CARRY4 (Prop_carry4_CI_CO[3])
                                                      0.054     6.704 r  bd_0_i/hls_inst/inst/LogF_normal_L_2_reg_3853_reg[35]_i_6/CO[3]
                         net (fo=1, unplaced)         0.000     6.704    bd_0_i/hls_inst/inst/LogF_normal_L_2_reg_3853_reg[35]_i_6_n_0
                         CARRY4 (Prop_carry4_CI_CO[3])
                                                      0.054     6.758 r  bd_0_i/hls_inst/inst/LogF_normal_L_2_reg_3853_reg[39]_i_6/CO[3]
                         net (fo=1, unplaced)         0.000     6.758    bd_0_i/hls_inst/inst/LogF_normal_L_2_reg_3853_reg[39]_i_6_n_0
                         CARRY4 (Prop_carry4_CI_CO[3])
                                                      0.054     6.812 r  bd_0_i/hls_inst/inst/LogF_normal_L_2_reg_3853_reg[43]_i_6/CO[3]
                         net (fo=1, unplaced)         0.000     6.812    bd_0_i/hls_inst/inst/LogF_normal_L_2_reg_3853_reg[43]_i_6_n_0
                         CARRY4 (Prop_carry4_CI_CO[3])
                                                      0.054     6.866 r  bd_0_i/hls_inst/inst/LogF_normal_L_2_reg_3853_reg[47]_i_6/CO[3]
                         net (fo=1, unplaced)         0.000     6.866    bd_0_i/hls_inst/inst/LogF_normal_L_2_reg_3853_reg[47]_i_6_n_0
                         CARRY4 (Prop_carry4_CI_CO[3])
                                                      0.054     6.920 r  bd_0_i/hls_inst/inst/LogF_normal_L_2_reg_3853_reg[51]_i_6/CO[3]
                         net (fo=1, unplaced)         0.000     6.920    bd_0_i/hls_inst/inst/LogF_normal_L_2_reg_3853_reg[51]_i_6_n_0
                         CARRY4 (Prop_carry4_CI_O[1])
                                                      0.173     7.093 r  bd_0_i/hls_inst/inst/tmp_256_reg_3858_reg[0]_i_4/O[1]
                         net (fo=3, unplaced)         0.207     7.300    bd_0_i/hls_inst/inst/Log1p_normal_fu_1782_p2[53]
                         LUT2 (Prop_lut2_I1_O)        0.125     7.425 r  bd_0_i/hls_inst/inst/LogF_normal_L_2_reg_3853[55]_i_3/O
                         net (fo=1, unplaced)         0.000     7.425    bd_0_i/hls_inst/inst/LogF_normal_L_2_reg_3853[55]_i_3_n_0
                         CARRY4 (Prop_carry4_S[1]_CO[3])
                                                      0.256     7.681 r  bd_0_i/hls_inst/inst/LogF_normal_L_2_reg_3853_reg[55]_i_1/CO[3]
                         net (fo=1, unplaced)         0.000     7.681    bd_0_i/hls_inst/inst/LogF_normal_L_2_reg_3853_reg[55]_i_1_n_0
                         CARRY4 (Prop_carry4_CI_O[1])
                                                      0.173     7.854 r  bd_0_i/hls_inst/inst/LogF_normal_L_2_reg_3853_reg[59]_i_1/O[1]
                         net (fo=1, unplaced)         0.000     7.854    bd_0_i/hls_inst/inst/LogF_normal_L_2_fu_1800_p2[57]
                         FDRE                                         r  bd_0_i/hls_inst/inst/LogF_normal_L_2_reg_3853_reg[57]/D
  -------------------------------------------------------------------    -------------------

                         (clock ap_clk rise edge)    10.000    10.000 r  
                                                      0.000    10.000 r  ap_clk (IN)
                         net (fo=2723, unset)         0.510    10.510    bd_0_i/hls_inst/inst/ap_clk
                         FDRE                                         r  bd_0_i/hls_inst/inst/LogF_normal_L_2_reg_3853_reg[57]/C
                         clock pessimism              0.000    10.510    
                         clock uncertainty           -0.035    10.475    
                         FDRE (Setup_fdre_C_D)        0.076    10.551    bd_0_i/hls_inst/inst/LogF_normal_L_2_reg_3853_reg[57]
  -------------------------------------------------------------------
                         required time                         10.551    
                         arrival time                          -7.854    
  -------------------------------------------------------------------
                         slack                                  2.696    





Min Delay Paths
--------------------------------------------------------------------------------------
Slack (MET) :             0.176ns  (arrival time - required time)
  Source:                 bd_0_i/hls_inst/inst/tmp_201_reg_3926_reg[19]/C
                            (rising edge-triggered cell FDRE clocked by ap_clk  {rise@0.000ns fall@5.000ns period=10.000ns})
  Destination:            bd_0_i/hls_inst/inst/Log_normal_H_reg_3970_reg[19]/D
                            (rising edge-triggered cell FDRE clocked by ap_clk  {rise@0.000ns fall@5.000ns period=10.000ns})
  Path Group:             ap_clk
  Path Type:              Hold (Min at Fast Process Corner)
  Requirement:            0.000ns  (ap_clk rise@0.000ns - ap_clk rise@0.000ns)
  Data Path Delay:        0.277ns  (logic 0.182ns (65.771%)  route 0.095ns (34.229%))
  Logic Levels:           1  (LUT3=1)
  Clock Path Skew:        0.014ns (DCD - SCD - CPR)
    Destination Clock Delay (DCD):    0.280ns
    Source Clock Delay      (SCD):    0.266ns
    Clock Pessimism Removal (CPR):    -0.000ns

    Location             Delay type                Incr(ns)  Path(ns)    Netlist Resource(s)
  -------------------------------------------------------------------    -------------------
                         (clock ap_clk rise edge)     0.000     0.000 r  
                                                      0.000     0.000 r  ap_clk (IN)
                         net (fo=2723, unset)         0.266     0.266    bd_0_i/hls_inst/inst/ap_clk
                         FDRE                                         r  bd_0_i/hls_inst/inst/tmp_201_reg_3926_reg[19]/C
  -------------------------------------------------------------------    -------------------
                         FDRE (Prop_fdre_C_Q)         0.118     0.384 r  bd_0_i/hls_inst/inst/tmp_201_reg_3926_reg[19]/Q
                         net (fo=1, unplaced)         0.095     0.479    bd_0_i/hls_inst/inst/tmp_201_reg_3926[19]
                         LUT3 (Prop_lut3_I2_O)        0.064     0.543 r  bd_0_i/hls_inst/inst/Log_normal_H_reg_3970[19]_i_1/O
                         net (fo=3, unplaced)         0.000     0.543    bd_0_i/hls_inst/inst/tmp_259_fu_2738_p4[3]
                         FDRE                                         r  bd_0_i/hls_inst/inst/Log_normal_H_reg_3970_reg[19]/D
  -------------------------------------------------------------------    -------------------

                         (clock ap_clk rise edge)     0.000     0.000 r  
                                                      0.000     0.000 r  ap_clk (IN)
                         net (fo=2723, unset)         0.280     0.280    bd_0_i/hls_inst/inst/ap_clk
                         FDRE                                         r  bd_0_i/hls_inst/inst/Log_normal_H_reg_3970_reg[19]/C
                         clock pessimism              0.000     0.280    
                         FDRE (Hold_fdre_C_D)         0.087     0.367    bd_0_i/hls_inst/inst/Log_normal_H_reg_3970_reg[19]
  -------------------------------------------------------------------
                         required time                         -0.367    
                         arrival time                           0.543    
  -------------------------------------------------------------------
                         slack                                  0.176    





Pulse Width Checks
--------------------------------------------------------------------------------------
Clock Name:         ap_clk
Waveform(ns):       { 0.000 5.000 }
Period(ns):         10.000
Sources:            { ap_clk }

Check Type        Corner  Lib Pin      Reference Pin  Required(ns)  Actual(ns)  Slack(ns)  Location  Pin
Min Period        n/a     DSP48E1/CLK  n/a            2.772         10.000      7.228                bd_0_i/hls_inst/inst/grp_range_red_fu_448/p_0_out__1/CLK
Low Pulse Width   Slow    FDRE/C       n/a            0.350         5.000       4.650                bd_0_i/hls_inst/inst/A_reg_3790_reg[0]/C
High Pulse Width  Slow    FDRE/C       n/a            0.350         5.000       4.650                bd_0_i/hls_inst/inst/A_reg_3790_reg[0]/C



